(0.000) 
                SELECT VERSION(),
                       @@sql_mode,
                       @@default_storage_engine,
                       @@sql_auto_is_null,
                       @@lower_case_table_names,
                       CONVERT_TZ('2001-01-01 01:00:00', 'UTC', 'UTC') IS NOT NULL
            ; args=None; alias=default
(0.000) SET SESSION TRANSACTION ISOLATION LEVEL READ COMMITTED; args=None; alias=default
(0.000) 
                SELECT VERSION(),
                       @@sql_mode,
                       @@default_storage_engine,
                       @@sql_auto_is_null,
                       @@lower_case_table_names,
                       CONVERT_TZ('2001-01-01 01:00:00', 'UTC', 'UTC') IS NOT NULL
            ; args=None; alias=default
(0.000) SET SESSION TRANSACTION ISOLATION LEVEL READ COMMITTED; args=None; alias=default
(0.001) SHOW FULL TABLES; args=None; alias=default
(0.001) SHOW FULL TABLES; args=None; alias=default
(0.001) SHOW FULL TABLES; args=None; alias=default
CREATE TABLE `django_migrations` (`id` bigint AUTO_INCREMENT NOT NULL PRIMARY KEY, `app` varchar(255) NOT NULL, `name` varchar(255) NOT NULL, `applied` datetime(6) NOT NULL); (params None)
(0.059) CREATE TABLE `django_migrations` (`id` bigint AUTO_INCREMENT NOT NULL PRIMARY KEY, `app` varchar(255) NOT NULL, `name` varchar(255) NOT NULL, `applied` datetime(6) NOT NULL); args=None; alias=default
CREATE TABLE `django_content_type` (`id` integer AUTO_INCREMENT NOT NULL PRIMARY KEY, `name` varchar(100) NOT NULL, `app_label` varchar(100) NOT NULL, `model` varchar(100) NOT NULL); (params None)
(0.036) CREATE TABLE `django_content_type` (`id` integer AUTO_INCREMENT NOT NULL PRIMARY KEY, `name` varchar(100) NOT NULL, `app_label` varchar(100) NOT NULL, `model` varchar(100) NOT NULL); args=None; alias=default
ALTER TABLE `django_content_type` ADD CONSTRAINT `django_content_type_app_label_model_76bd3d3b_uniq` UNIQUE (`app_label`, `model`); (params ())
(0.023) ALTER TABLE `django_content_type` ADD CONSTRAINT `django_content_type_app_label_model_76bd3d3b_uniq` UNIQUE (`app_label`, `model`); args=(); alias=default
(0.001) SHOW FULL TABLES; args=None; alias=default
(0.006) INSERT INTO `django_migrations` (`app`, `name`, `applied`) VALUES ('contenttypes', '0001_initial', '2023-05-02 06:07:10.091308'); args=['contenttypes', '0001_initial', '2023-05-02 06:07:10.091308']; alias=default
ALTER TABLE `django_content_type` MODIFY `name` varchar(100) NULL; (params [])
(0.057) ALTER TABLE `django_content_type` MODIFY `name` varchar(100) NULL; args=[]; alias=default
ALTER TABLE `django_content_type` DROP COLUMN `name`; (params ())
(0.024) ALTER TABLE `django_content_type` DROP COLUMN `name`; args=(); alias=default
(0.001) SHOW FULL TABLES; args=None; alias=default
(0.005) INSERT INTO `django_migrations` (`app`, `name`, `applied`) VALUES ('contenttypes', '0002_remove_content_type_name', '2023-05-02 06:07:10.185129'); args=['contenttypes', '0002_remove_content_type_name', '2023-05-02 06:07:10.185129']; alias=default
CREATE TABLE `auth_permission` (`id` integer AUTO_INCREMENT NOT NULL PRIMARY KEY, `name` varchar(50) NOT NULL, `content_type_id` integer NOT NULL, `codename` varchar(100) NOT NULL); (params None)
(0.033) CREATE TABLE `auth_permission` (`id` integer AUTO_INCREMENT NOT NULL PRIMARY KEY, `name` varchar(50) NOT NULL, `content_type_id` integer NOT NULL, `codename` varchar(100) NOT NULL); args=None; alias=default
(0.001) 
            SELECT engine
            FROM information_schema.tables
            WHERE
                table_name = 'auth_permission' AND
                table_schema = DATABASE()
            ; args=['auth_permission']; alias=default
CREATE TABLE `auth_group` (`id` integer AUTO_INCREMENT NOT NULL PRIMARY KEY, `name` varchar(80) NOT NULL UNIQUE); (params None)
(0.038) CREATE TABLE `auth_group` (`id` integer AUTO_INCREMENT NOT NULL PRIMARY KEY, `name` varchar(80) NOT NULL UNIQUE); args=None; alias=default
CREATE TABLE `auth_group_permissions` (`id` bigint AUTO_INCREMENT NOT NULL PRIMARY KEY, `group_id` integer NOT NULL, `permission_id` integer NOT NULL); (params None)
(0.032) CREATE TABLE `auth_group_permissions` (`id` bigint AUTO_INCREMENT NOT NULL PRIMARY KEY, `group_id` integer NOT NULL, `permission_id` integer NOT NULL); args=None; alias=default
(0.001) 
            SELECT engine
            FROM information_schema.tables
            WHERE
                table_name = 'auth_group_permissions' AND
                table_schema = DATABASE()
            ; args=['auth_group_permissions']; alias=default
(0.001) 
            SELECT engine
            FROM information_schema.tables
            WHERE
                table_name = 'auth_group_permissions' AND
                table_schema = DATABASE()
            ; args=['auth_group_permissions']; alias=default
ALTER TABLE `auth_permission` ADD CONSTRAINT `auth_permission_content_type_id_codename_01ab375a_uniq` UNIQUE (`content_type_id`, `codename`); (params ())
(0.036) ALTER TABLE `auth_permission` ADD CONSTRAINT `auth_permission_content_type_id_codename_01ab375a_uniq` UNIQUE (`content_type_id`, `codename`); args=(); alias=default
ALTER TABLE `auth_permission` ADD CONSTRAINT `auth_permission_content_type_id_2f476e4b_fk_django_co` FOREIGN KEY (`content_type_id`) REFERENCES `django_content_type` (`id`); (params ())
(0.081) ALTER TABLE `auth_permission` ADD CONSTRAINT `auth_permission_content_type_id_2f476e4b_fk_django_co` FOREIGN KEY (`content_type_id`) REFERENCES `django_content_type` (`id`); args=(); alias=default
ALTER TABLE `auth_group_permissions` ADD CONSTRAINT `auth_group_permissions_group_id_permission_id_0cd325b0_uniq` UNIQUE (`group_id`, `permission_id`); (params ())
(0.025) ALTER TABLE `auth_group_permissions` ADD CONSTRAINT `auth_group_permissions_group_id_permission_id_0cd325b0_uniq` UNIQUE (`group_id`, `permission_id`); args=(); alias=default
ALTER TABLE `auth_group_permissions` ADD CONSTRAINT `auth_group_permissions_group_id_b120cbf9_fk_auth_group_id` FOREIGN KEY (`group_id`) REFERENCES `auth_group` (`id`); (params ())
(0.074) ALTER TABLE `auth_group_permissions` ADD CONSTRAINT `auth_group_permissions_group_id_b120cbf9_fk_auth_group_id` FOREIGN KEY (`group_id`) REFERENCES `auth_group` (`id`); args=(); alias=default
ALTER TABLE `auth_group_permissions` ADD CONSTRAINT `auth_group_permissio_permission_id_84c5c92e_fk_auth_perm` FOREIGN KEY (`permission_id`) REFERENCES `auth_permission` (`id`); (params ())
(0.075) ALTER TABLE `auth_group_permissions` ADD CONSTRAINT `auth_group_permissio_permission_id_84c5c92e_fk_auth_perm` FOREIGN KEY (`permission_id`) REFERENCES `auth_permission` (`id`); args=(); alias=default
(0.002) SHOW FULL TABLES; args=None; alias=default
(0.006) INSERT INTO `django_migrations` (`app`, `name`, `applied`) VALUES ('auth', '0001_initial', '2023-05-02 06:07:10.603156'); args=['auth', '0001_initial', '2023-05-02 06:07:10.603156']; alias=default
ALTER TABLE `auth_permission` MODIFY `name` varchar(255) NOT NULL; (params [])
(0.072) ALTER TABLE `auth_permission` MODIFY `name` varchar(255) NOT NULL; args=[]; alias=default
(0.002) SHOW FULL TABLES; args=None; alias=default
(0.006) INSERT INTO `django_migrations` (`app`, `name`, `applied`) VALUES ('auth', '0002_alter_permission_name_max_length', '2023-05-02 06:07:10.687517'); args=['auth', '0002_alter_permission_name_max_length', '2023-05-02 06:07:10.687517']; alias=default
(0.002) SHOW FULL TABLES; args=None; alias=default
(0.006) INSERT INTO `django_migrations` (`app`, `name`, `applied`) VALUES ('auth', '0003_alter_user_email_max_length', '2023-05-02 06:07:10.700625'); args=['auth', '0003_alter_user_email_max_length', '2023-05-02 06:07:10.700625']; alias=default
(0.002) SHOW FULL TABLES; args=None; alias=default
(0.005) INSERT INTO `django_migrations` (`app`, `name`, `applied`) VALUES ('auth', '0004_alter_user_username_opts', '2023-05-02 06:07:10.712809'); args=['auth', '0004_alter_user_username_opts', '2023-05-02 06:07:10.712809']; alias=default
(0.002) SHOW FULL TABLES; args=None; alias=default
(0.005) INSERT INTO `django_migrations` (`app`, `name`, `applied`) VALUES ('auth', '0005_alter_user_last_login_null', '2023-05-02 06:07:10.723825'); args=['auth', '0005_alter_user_last_login_null', '2023-05-02 06:07:10.723825']; alias=default
(0.002) SHOW FULL TABLES; args=None; alias=default
(0.007) INSERT INTO `django_migrations` (`app`, `name`, `applied`) VALUES ('auth', '0006_require_contenttypes_0002', '2023-05-02 06:07:10.731553'); args=['auth', '0006_require_contenttypes_0002', '2023-05-02 06:07:10.731553']; alias=default
(0.002) SHOW FULL TABLES; args=None; alias=default
(0.005) INSERT INTO `django_migrations` (`app`, `name`, `applied`) VALUES ('auth', '0007_alter_validators_add_error_messages', '2023-05-02 06:07:10.746106'); args=['auth', '0007_alter_validators_add_error_messages', '2023-05-02 06:07:10.746106']; alias=default
(0.002) SHOW FULL TABLES; args=None; alias=default
(0.005) INSERT INTO `django_migrations` (`app`, `name`, `applied`) VALUES ('auth', '0008_alter_user_username_max_length', '2023-05-02 06:07:10.757255'); args=['auth', '0008_alter_user_username_max_length', '2023-05-02 06:07:10.757255']; alias=default
(0.002) SHOW FULL TABLES; args=None; alias=default
(0.006) INSERT INTO `django_migrations` (`app`, `name`, `applied`) VALUES ('auth', '0009_alter_user_last_name_max_length', '2023-05-02 06:07:10.767917'); args=['auth', '0009_alter_user_last_name_max_length', '2023-05-02 06:07:10.767917']; alias=default
ALTER TABLE `auth_group` MODIFY `name` varchar(150) NOT NULL; (params [])
(0.015) ALTER TABLE `auth_group` MODIFY `name` varchar(150) NOT NULL; args=[]; alias=default
(0.002) SHOW FULL TABLES; args=None; alias=default
(0.005) INSERT INTO `django_migrations` (`app`, `name`, `applied`) VALUES ('auth', '0010_alter_group_name_max_length', '2023-05-02 06:07:10.793558'); args=['auth', '0010_alter_group_name_max_length', '2023-05-02 06:07:10.793558']; alias=default
(0.002) SHOW FULL TABLES; args=None; alias=default
(0.006) INSERT INTO `django_migrations` (`app`, `name`, `applied`) VALUES ('auth', '0011_update_proxy_permissions', '2023-05-02 06:07:10.806118'); args=['auth', '0011_update_proxy_permissions', '2023-05-02 06:07:10.806118']; alias=default
(0.002) SHOW FULL TABLES; args=None; alias=default
(0.005) INSERT INTO `django_migrations` (`app`, `name`, `applied`) VALUES ('auth', '0012_alter_user_first_name_max_length', '2023-05-02 06:07:10.817716'); args=['auth', '0012_alter_user_first_name_max_length', '2023-05-02 06:07:10.817716']; alias=default
CREATE TABLE `custom_user` (`id` bigint AUTO_INCREMENT NOT NULL PRIMARY KEY, `password` varchar(128) NOT NULL, `last_login` datetime(6) NULL, `is_superuser` bool NOT NULL, `email` varchar(254) NOT NULL UNIQUE, `first_name` varchar(30) NOT NULL, `last_name` varchar(30) NOT NULL, `is_active` bool NOT NULL, `is_staff` bool NOT NULL, `date_joined` datetime(6) NOT NULL, `token` char(32) NOT NULL UNIQUE); (params None)
(0.053) CREATE TABLE `custom_user` (`id` bigint AUTO_INCREMENT NOT NULL PRIMARY KEY, `password` varchar(128) NOT NULL, `last_login` datetime(6) NULL, `is_superuser` bool NOT NULL, `email` varchar(254) NOT NULL UNIQUE, `first_name` varchar(30) NOT NULL, `last_name` varchar(30) NOT NULL, `is_active` bool NOT NULL, `is_staff` bool NOT NULL, `date_joined` datetime(6) NOT NULL, `token` char(32) NOT NULL UNIQUE); args=None; alias=default
CREATE TABLE `custom_user_groups` (`id` bigint AUTO_INCREMENT NOT NULL PRIMARY KEY, `customuser_id` bigint NOT NULL, `group_id` integer NOT NULL); (params None)
(0.047) CREATE TABLE `custom_user_groups` (`id` bigint AUTO_INCREMENT NOT NULL PRIMARY KEY, `customuser_id` bigint NOT NULL, `group_id` integer NOT NULL); args=None; alias=default
(0.002) 
            SELECT engine
            FROM information_schema.tables
            WHERE
                table_name = 'custom_user_groups' AND
                table_schema = DATABASE()
            ; args=['custom_user_groups']; alias=default
(0.001) 
            SELECT engine
            FROM information_schema.tables
            WHERE
                table_name = 'custom_user_groups' AND
                table_schema = DATABASE()
            ; args=['custom_user_groups']; alias=default
CREATE TABLE `custom_user_user_permissions` (`id` bigint AUTO_INCREMENT NOT NULL PRIMARY KEY, `customuser_id` bigint NOT NULL, `permission_id` integer NOT NULL); (params None)
(0.047) CREATE TABLE `custom_user_user_permissions` (`id` bigint AUTO_INCREMENT NOT NULL PRIMARY KEY, `customuser_id` bigint NOT NULL, `permission_id` integer NOT NULL); args=None; alias=default
(0.002) 
            SELECT engine
            FROM information_schema.tables
            WHERE
                table_name = 'custom_user_user_permissions' AND
                table_schema = DATABASE()
            ; args=['custom_user_user_permissions']; alias=default
(0.001) 
            SELECT engine
            FROM information_schema.tables
            WHERE
                table_name = 'custom_user_user_permissions' AND
                table_schema = DATABASE()
            ; args=['custom_user_user_permissions']; alias=default
CREATE TABLE `roadvisorapp_urgentcontact` (`id` bigint AUTO_INCREMENT NOT NULL PRIMARY KEY, `name` varchar(255) NOT NULL, `phone_number` varchar(20) NOT NULL, `user_id` bigint NOT NULL); (params None)
(0.039) CREATE TABLE `roadvisorapp_urgentcontact` (`id` bigint AUTO_INCREMENT NOT NULL PRIMARY KEY, `name` varchar(255) NOT NULL, `phone_number` varchar(20) NOT NULL, `user_id` bigint NOT NULL); args=None; alias=default
(0.002) 
            SELECT engine
            FROM information_schema.tables
            WHERE
                table_name = 'roadvisorapp_urgentcontact' AND
                table_schema = DATABASE()
            ; args=['roadvisorapp_urgentcontact']; alias=default
ALTER TABLE `custom_user_groups` ADD CONSTRAINT `custom_user_groups_customuser_id_group_id_ea14f886_uniq` UNIQUE (`customuser_id`, `group_id`); (params ())
(0.034) ALTER TABLE `custom_user_groups` ADD CONSTRAINT `custom_user_groups_customuser_id_group_id_ea14f886_uniq` UNIQUE (`customuser_id`, `group_id`); args=(); alias=default
ALTER TABLE `custom_user_groups` ADD CONSTRAINT `custom_user_groups_customuser_id_8e3d0338_fk_custom_user_id` FOREIGN KEY (`customuser_id`) REFERENCES `custom_user` (`id`); (params ())
(0.081) ALTER TABLE `custom_user_groups` ADD CONSTRAINT `custom_user_groups_customuser_id_8e3d0338_fk_custom_user_id` FOREIGN KEY (`customuser_id`) REFERENCES `custom_user` (`id`); args=(); alias=default
ALTER TABLE `custom_user_groups` ADD CONSTRAINT `custom_user_groups_group_id_02874f21_fk_auth_group_id` FOREIGN KEY (`group_id`) REFERENCES `auth_group` (`id`); (params ())
(0.084) ALTER TABLE `custom_user_groups` ADD CONSTRAINT `custom_user_groups_group_id_02874f21_fk_auth_group_id` FOREIGN KEY (`group_id`) REFERENCES `auth_group` (`id`); args=(); alias=default
ALTER TABLE `custom_user_user_permissions` ADD CONSTRAINT `custom_user_user_permiss_customuser_id_permission_f9232336_uniq` UNIQUE (`customuser_id`, `permission_id`); (params ())
(0.029) ALTER TABLE `custom_user_user_permissions` ADD CONSTRAINT `custom_user_user_permiss_customuser_id_permission_f9232336_uniq` UNIQUE (`customuser_id`, `permission_id`); args=(); alias=default
ALTER TABLE `custom_user_user_permissions` ADD CONSTRAINT `custom_user_user_per_customuser_id_ec2da4cb_fk_custom_us` FOREIGN KEY (`customuser_id`) REFERENCES `custom_user` (`id`); (params ())
(0.085) ALTER TABLE `custom_user_user_permissions` ADD CONSTRAINT `custom_user_user_per_customuser_id_ec2da4cb_fk_custom_us` FOREIGN KEY (`customuser_id`) REFERENCES `custom_user` (`id`); args=(); alias=default
ALTER TABLE `custom_user_user_permissions` ADD CONSTRAINT `custom_user_user_per_permission_id_f82b5e3f_fk_auth_perm` FOREIGN KEY (`permission_id`) REFERENCES `auth_permission` (`id`); (params ())
(0.076) ALTER TABLE `custom_user_user_permissions` ADD CONSTRAINT `custom_user_user_per_permission_id_f82b5e3f_fk_auth_perm` FOREIGN KEY (`permission_id`) REFERENCES `auth_permission` (`id`); args=(); alias=default
ALTER TABLE `roadvisorapp_urgentcontact` ADD CONSTRAINT `roadvisorapp_urgentcontact_user_id_a1bcb611_fk_custom_user_id` FOREIGN KEY (`user_id`) REFERENCES `custom_user` (`id`); (params ())
(0.070) ALTER TABLE `roadvisorapp_urgentcontact` ADD CONSTRAINT `roadvisorapp_urgentcontact_user_id_a1bcb611_fk_custom_user_id` FOREIGN KEY (`user_id`) REFERENCES `custom_user` (`id`); args=(); alias=default
(0.002) SHOW FULL TABLES; args=None; alias=default
(0.006) INSERT INTO `django_migrations` (`app`, `name`, `applied`) VALUES ('roadvisorapp', '0001_initial', '2023-05-02 06:07:11.494789'); args=['roadvisorapp', '0001_initial', '2023-05-02 06:07:11.494789']; alias=default
CREATE TABLE `django_admin_log` (`id` integer AUTO_INCREMENT NOT NULL PRIMARY KEY, `action_time` datetime(6) NOT NULL, `object_id` longtext NULL, `object_repr` varchar(200) NOT NULL, `action_flag` smallint UNSIGNED NOT NULL CHECK (`action_flag` >= 0), `change_message` longtext NOT NULL, `content_type_id` integer NULL, `user_id` bigint NOT NULL); (params None)
(0.034) CREATE TABLE `django_admin_log` (`id` integer AUTO_INCREMENT NOT NULL PRIMARY KEY, `action_time` datetime(6) NOT NULL, `object_id` longtext NULL, `object_repr` varchar(200) NOT NULL, `action_flag` smallint UNSIGNED NOT NULL CHECK (`action_flag` >= 0), `change_message` longtext NOT NULL, `content_type_id` integer NULL, `user_id` bigint NOT NULL); args=None; alias=default
(0.002) 
            SELECT engine
            FROM information_schema.tables
            WHERE
                table_name = 'django_admin_log' AND
                table_schema = DATABASE()
            ; args=['django_admin_log']; alias=default
(0.001) 
            SELECT engine
            FROM information_schema.tables
            WHERE
                table_name = 'django_admin_log' AND
                table_schema = DATABASE()
            ; args=['django_admin_log']; alias=default
ALTER TABLE `django_admin_log` ADD CONSTRAINT `django_admin_log_content_type_id_c4bce8eb_fk_django_co` FOREIGN KEY (`content_type_id`) REFERENCES `django_content_type` (`id`); (params ())
(0.089) ALTER TABLE `django_admin_log` ADD CONSTRAINT `django_admin_log_content_type_id_c4bce8eb_fk_django_co` FOREIGN KEY (`content_type_id`) REFERENCES `django_content_type` (`id`); args=(); alias=default
ALTER TABLE `django_admin_log` ADD CONSTRAINT `django_admin_log_user_id_c564eba6_fk_custom_user_id` FOREIGN KEY (`user_id`) REFERENCES `custom_user` (`id`); (params ())
(0.114) ALTER TABLE `django_admin_log` ADD CONSTRAINT `django_admin_log_user_id_c564eba6_fk_custom_user_id` FOREIGN KEY (`user_id`) REFERENCES `custom_user` (`id`); args=(); alias=default
(0.002) SHOW FULL TABLES; args=None; alias=default
(0.007) INSERT INTO `django_migrations` (`app`, `name`, `applied`) VALUES ('admin', '0001_initial', '2023-05-02 06:07:11.751169'); args=['admin', '0001_initial', '2023-05-02 06:07:11.751169']; alias=default
(0.002) SHOW FULL TABLES; args=None; alias=default
(0.007) INSERT INTO `django_migrations` (`app`, `name`, `applied`) VALUES ('admin', '0002_logentry_remove_auto_add', '2023-05-02 06:07:11.769339'); args=['admin', '0002_logentry_remove_auto_add', '2023-05-02 06:07:11.769339']; alias=default
(0.002) SHOW FULL TABLES; args=None; alias=default
(0.007) INSERT INTO `django_migrations` (`app`, `name`, `applied`) VALUES ('admin', '0003_logentry_add_action_flag_choices', '2023-05-02 06:07:11.785146'); args=['admin', '0003_logentry_add_action_flag_choices', '2023-05-02 06:07:11.785146']; alias=default
ALTER TABLE `roadvisorapp_urgentcontact` DROP COLUMN `phone_number`; (params ())
(0.031) ALTER TABLE `roadvisorapp_urgentcontact` DROP COLUMN `phone_number`; args=(); alias=default
ALTER TABLE `roadvisorapp_urgentcontact` ADD COLUMN `email` varchar(254) NULL UNIQUE; (params [])
(0.081) ALTER TABLE `roadvisorapp_urgentcontact` ADD COLUMN `email` varchar(254) NULL UNIQUE; args=[]; alias=default
(0.002) SHOW FULL TABLES; args=None; alias=default
(0.006) INSERT INTO `django_migrations` (`app`, `name`, `applied`) VALUES ('roadvisorapp', '0002_alter_urgentcontact_options_and_more', '2023-05-02 06:07:11.923680'); args=['roadvisorapp', '0002_alter_urgentcontact_options_and_more', '2023-05-02 06:07:11.923680']; alias=default
(0.004) 
            SELECT kc.`constraint_name`, kc.`column_name`,
                kc.`referenced_table_name`, kc.`referenced_column_name`,
                c.`constraint_type`
            FROM
                information_schema.key_column_usage AS kc,
                information_schema.table_constraints AS c
            WHERE
                kc.table_schema = DATABASE() AND
                c.table_schema = kc.table_schema AND
                c.constraint_name = kc.constraint_name AND
                c.constraint_type != 'CHECK' AND
                kc.table_name = 'custom_user_groups'
            ORDER BY kc.`ordinal_position`
        ; args=['custom_user_groups']; alias=default
(0.001) 
            SELECT  table_collation
            FROM    information_schema.tables
            WHERE   table_schema = DATABASE()
            AND     table_name = 'custom_user_groups'
            ; args=['custom_user_groups']; alias=default
(0.001) 
            SELECT
                column_name, data_type, character_maximum_length,
                numeric_precision, numeric_scale, extra, column_default,
                CASE
                    WHEN collation_name = 'utf8mb4_0900_ai_ci' THEN NULL
                    ELSE collation_name
                END AS collation_name,
                CASE
                    WHEN column_type LIKE '% unsigned' THEN 1
                    ELSE 0
                END AS is_unsigned
            FROM information_schema.columns
            WHERE table_name = 'custom_user_groups' AND table_schema = DATABASE()
            ; args=['utf8mb4_0900_ai_ci', 'custom_user_groups']; alias=default
(0.001) SELECT * FROM `custom_user_groups` LIMIT 1; args=None; alias=default
(0.002) 
                    SELECT cc.constraint_name, cc.check_clause
                    FROM
                        information_schema.check_constraints AS cc,
                        information_schema.table_constraints AS tc
                    WHERE
                        cc.constraint_schema = DATABASE() AND
                        tc.table_schema = cc.constraint_schema AND
                        cc.constraint_name = tc.constraint_name AND
                        tc.constraint_type = 'CHECK' AND
                        tc.table_name = 'custom_user_groups'
                ; args=['custom_user_groups']; alias=default
(0.012) SHOW INDEX FROM `custom_user_groups`; args=None; alias=default
ALTER TABLE `custom_user_groups` DROP FOREIGN KEY `custom_user_groups_customuser_id_8e3d0338_fk_custom_user_id`; (params ())
(0.015) ALTER TABLE `custom_user_groups` DROP FOREIGN KEY `custom_user_groups_customuser_id_8e3d0338_fk_custom_user_id`; args=(); alias=default
(0.003) 
            SELECT kc.`constraint_name`, kc.`column_name`,
                kc.`referenced_table_name`, kc.`referenced_column_name`,
                c.`constraint_type`
            FROM
                information_schema.key_column_usage AS kc,
                information_schema.table_constraints AS c
            WHERE
                kc.table_schema = DATABASE() AND
                c.table_schema = kc.table_schema AND
                c.constraint_name = kc.constraint_name AND
                c.constraint_type != 'CHECK' AND
                kc.table_name = 'custom_user_user_permissions'
            ORDER BY kc.`ordinal_position`
        ; args=['custom_user_user_permissions']; alias=default
(0.001) 
            SELECT  table_collation
            FROM    information_schema.tables
            WHERE   table_schema = DATABASE()
            AND     table_name = 'custom_user_user_permissions'
            ; args=['custom_user_user_permissions']; alias=default
(0.001) 
            SELECT
                column_name, data_type, character_maximum_length,
                numeric_precision, numeric_scale, extra, column_default,
                CASE
                    WHEN collation_name = 'utf8mb4_0900_ai_ci' THEN NULL
                    ELSE collation_name
                END AS collation_name,
                CASE
                    WHEN column_type LIKE '% unsigned' THEN 1
                    ELSE 0
                END AS is_unsigned
            FROM information_schema.columns
            WHERE table_name = 'custom_user_user_permissions' AND table_schema = DATABASE()
            ; args=['utf8mb4_0900_ai_ci', 'custom_user_user_permissions']; alias=default
(0.000) SELECT * FROM `custom_user_user_permissions` LIMIT 1; args=None; alias=default
(0.002) 
                    SELECT cc.constraint_name, cc.check_clause
                    FROM
                        information_schema.check_constraints AS cc,
                        information_schema.table_constraints AS tc
                    WHERE
                        cc.constraint_schema = DATABASE() AND
                        tc.table_schema = cc.constraint_schema AND
                        cc.constraint_name = tc.constraint_name AND
                        tc.constraint_type = 'CHECK' AND
                        tc.table_name = 'custom_user_user_permissions'
                ; args=['custom_user_user_permissions']; alias=default
(0.012) SHOW INDEX FROM `custom_user_user_permissions`; args=None; alias=default
ALTER TABLE `custom_user_user_permissions` DROP FOREIGN KEY `custom_user_user_per_customuser_id_ec2da4cb_fk_custom_us`; (params ())
(0.021) ALTER TABLE `custom_user_user_permissions` DROP FOREIGN KEY `custom_user_user_per_customuser_id_ec2da4cb_fk_custom_us`; args=(); alias=default
(0.005) 
            SELECT kc.`constraint_name`, kc.`column_name`,
                kc.`referenced_table_name`, kc.`referenced_column_name`,
                c.`constraint_type`
            FROM
                information_schema.key_column_usage AS kc,
                information_schema.table_constraints AS c
            WHERE
                kc.table_schema = DATABASE() AND
                c.table_schema = kc.table_schema AND
                c.constraint_name = kc.constraint_name AND
                c.constraint_type != 'CHECK' AND
                kc.table_name = 'roadvisorapp_urgentcontact'
            ORDER BY kc.`ordinal_position`
        ; args=['roadvisorapp_urgentcontact']; alias=default
(0.003) 
            SELECT  table_collation
            FROM    information_schema.tables
            WHERE   table_schema = DATABASE()
            AND     table_name = 'roadvisorapp_urgentcontact'
            ; args=['roadvisorapp_urgentcontact']; alias=default
(0.001) 
            SELECT
                column_name, data_type, character_maximum_length,
                numeric_precision, numeric_scale, extra, column_default,
                CASE
                    WHEN collation_name = 'utf8mb4_0900_ai_ci' THEN NULL
                    ELSE collation_name
                END AS collation_name,
                CASE
                    WHEN column_type LIKE '% unsigned' THEN 1
                    ELSE 0
                END AS is_unsigned
            FROM information_schema.columns
            WHERE table_name = 'roadvisorapp_urgentcontact' AND table_schema = DATABASE()
            ; args=['utf8mb4_0900_ai_ci', 'roadvisorapp_urgentcontact']; alias=default
(0.001) SELECT * FROM `roadvisorapp_urgentcontact` LIMIT 1; args=None; alias=default
(0.002) 
                    SELECT cc.constraint_name, cc.check_clause
                    FROM
                        information_schema.check_constraints AS cc,
                        information_schema.table_constraints AS tc
                    WHERE
                        cc.constraint_schema = DATABASE() AND
                        tc.table_schema = cc.constraint_schema AND
                        cc.constraint_name = tc.constraint_name AND
                        tc.constraint_type = 'CHECK' AND
                        tc.table_name = 'roadvisorapp_urgentcontact'
                ; args=['roadvisorapp_urgentcontact']; alias=default
(0.011) SHOW INDEX FROM `roadvisorapp_urgentcontact`; args=None; alias=default
ALTER TABLE `roadvisorapp_urgentcontact` DROP FOREIGN KEY `roadvisorapp_urgentcontact_user_id_a1bcb611_fk_custom_user_id`; (params ())
(0.021) ALTER TABLE `roadvisorapp_urgentcontact` DROP FOREIGN KEY `roadvisorapp_urgentcontact_user_id_a1bcb611_fk_custom_user_id`; args=(); alias=default
(0.007) 
            SELECT kc.`constraint_name`, kc.`column_name`,
                kc.`referenced_table_name`, kc.`referenced_column_name`,
                c.`constraint_type`
            FROM
                information_schema.key_column_usage AS kc,
                information_schema.table_constraints AS c
            WHERE
                kc.table_schema = DATABASE() AND
                c.table_schema = kc.table_schema AND
                c.constraint_name = kc.constraint_name AND
                c.constraint_type != 'CHECK' AND
                kc.table_name = 'django_admin_log'
            ORDER BY kc.`ordinal_position`
        ; args=['django_admin_log']; alias=default
(0.001) 
            SELECT  table_collation
            FROM    information_schema.tables
            WHERE   table_schema = DATABASE()
            AND     table_name = 'django_admin_log'
            ; args=['django_admin_log']; alias=default
(0.002) 
            SELECT
                column_name, data_type, character_maximum_length,
                numeric_precision, numeric_scale, extra, column_default,
                CASE
                    WHEN collation_name = 'utf8mb4_0900_ai_ci' THEN NULL
                    ELSE collation_name
                END AS collation_name,
                CASE
                    WHEN column_type LIKE '% unsigned' THEN 1
                    ELSE 0
                END AS is_unsigned
            FROM information_schema.columns
            WHERE table_name = 'django_admin_log' AND table_schema = DATABASE()
            ; args=['utf8mb4_0900_ai_ci', 'django_admin_log']; alias=default
(0.000) SELECT * FROM `django_admin_log` LIMIT 1; args=None; alias=default
(0.002) 
                    SELECT cc.constraint_name, cc.check_clause
                    FROM
                        information_schema.check_constraints AS cc,
                        information_schema.table_constraints AS tc
                    WHERE
                        cc.constraint_schema = DATABASE() AND
                        tc.table_schema = cc.constraint_schema AND
                        cc.constraint_name = tc.constraint_name AND
                        tc.constraint_type = 'CHECK' AND
                        tc.table_name = 'django_admin_log'
                ; args=['django_admin_log']; alias=default
(0.013) SHOW INDEX FROM `django_admin_log`; args=None; alias=default
ALTER TABLE `django_admin_log` DROP FOREIGN KEY `django_admin_log_user_id_c564eba6_fk_custom_user_id`; (params ())
(0.019) ALTER TABLE `django_admin_log` DROP FOREIGN KEY `django_admin_log_user_id_c564eba6_fk_custom_user_id`; args=(); alias=default
ALTER TABLE `custom_user` MODIFY `id` integer AUTO_INCREMENT NOT NULL; (params [])
(0.096) ALTER TABLE `custom_user` MODIFY `id` integer AUTO_INCREMENT NOT NULL; args=[]; alias=default
ALTER TABLE `custom_user_groups` MODIFY `customuser_id` integer NOT NULL; (params [])
(0.079) ALTER TABLE `custom_user_groups` MODIFY `customuser_id` integer NOT NULL; args=[]; alias=default
ALTER TABLE `custom_user_user_permissions` MODIFY `customuser_id` integer NOT NULL; (params [])
(0.084) ALTER TABLE `custom_user_user_permissions` MODIFY `customuser_id` integer NOT NULL; args=[]; alias=default
ALTER TABLE `roadvisorapp_urgentcontact` MODIFY `user_id` integer NOT NULL; (params [])
(0.079) ALTER TABLE `roadvisorapp_urgentcontact` MODIFY `user_id` integer NOT NULL; args=[]; alias=default
ALTER TABLE `django_admin_log` MODIFY `user_id` integer NOT NULL; (params [])
(0.076) ALTER TABLE `django_admin_log` MODIFY `user_id` integer NOT NULL; args=[]; alias=default
ALTER TABLE `custom_user_groups` ADD CONSTRAINT `custom_user_groups_customuser_id_8e3d0338_fk` FOREIGN KEY (`customuser_id`) REFERENCES `custom_user` (`id`); (params ())
(0.088) ALTER TABLE `custom_user_groups` ADD CONSTRAINT `custom_user_groups_customuser_id_8e3d0338_fk` FOREIGN KEY (`customuser_id`) REFERENCES `custom_user` (`id`); args=(); alias=default
ALTER TABLE `custom_user_user_permissions` ADD CONSTRAINT `custom_user_user_permissions_customuser_id_ec2da4cb_fk` FOREIGN KEY (`customuser_id`) REFERENCES `custom_user` (`id`); (params ())
(0.101) ALTER TABLE `custom_user_user_permissions` ADD CONSTRAINT `custom_user_user_permissions_customuser_id_ec2da4cb_fk` FOREIGN KEY (`customuser_id`) REFERENCES `custom_user` (`id`); args=(); alias=default
ALTER TABLE `roadvisorapp_urgentcontact` ADD CONSTRAINT `roadvisorapp_urgentcontact_user_id_a1bcb611_fk` FOREIGN KEY (`user_id`) REFERENCES `custom_user` (`id`); (params ())
(0.081) ALTER TABLE `roadvisorapp_urgentcontact` ADD CONSTRAINT `roadvisorapp_urgentcontact_user_id_a1bcb611_fk` FOREIGN KEY (`user_id`) REFERENCES `custom_user` (`id`); args=(); alias=default
ALTER TABLE `django_admin_log` ADD CONSTRAINT `django_admin_log_user_id_c564eba6_fk` FOREIGN KEY (`user_id`) REFERENCES `custom_user` (`id`); (params ())
(0.094) ALTER TABLE `django_admin_log` ADD CONSTRAINT `django_admin_log_user_id_c564eba6_fk` FOREIGN KEY (`user_id`) REFERENCES `custom_user` (`id`); args=(); alias=default
(0.004) 
            SELECT kc.`constraint_name`, kc.`column_name`,
                kc.`referenced_table_name`, kc.`referenced_column_name`,
                c.`constraint_type`
            FROM
                information_schema.key_column_usage AS kc,
                information_schema.table_constraints AS c
            WHERE
                kc.table_schema = DATABASE() AND
                c.table_schema = kc.table_schema AND
                c.constraint_name = kc.constraint_name AND
                c.constraint_type != 'CHECK' AND
                kc.table_name = 'roadvisorapp_urgentcontact'
            ORDER BY kc.`ordinal_position`
        ; args=['roadvisorapp_urgentcontact']; alias=default
(0.001) 
            SELECT  table_collation
            FROM    information_schema.tables
            WHERE   table_schema = DATABASE()
            AND     table_name = 'roadvisorapp_urgentcontact'
            ; args=['roadvisorapp_urgentcontact']; alias=default
(0.005) 
            SELECT
                column_name, data_type, character_maximum_length,
                numeric_precision, numeric_scale, extra, column_default,
                CASE
                    WHEN collation_name = 'utf8mb4_0900_ai_ci' THEN NULL
                    ELSE collation_name
                END AS collation_name,
                CASE
                    WHEN column_type LIKE '% unsigned' THEN 1
                    ELSE 0
                END AS is_unsigned
            FROM information_schema.columns
            WHERE table_name = 'roadvisorapp_urgentcontact' AND table_schema = DATABASE()
            ; args=['utf8mb4_0900_ai_ci', 'roadvisorapp_urgentcontact']; alias=default
(0.003) SELECT * FROM `roadvisorapp_urgentcontact` LIMIT 1; args=None; alias=default
(0.005) 
                    SELECT cc.constraint_name, cc.check_clause
                    FROM
                        information_schema.check_constraints AS cc,
                        information_schema.table_constraints AS tc
                    WHERE
                        cc.constraint_schema = DATABASE() AND
                        tc.table_schema = cc.constraint_schema AND
                        cc.constraint_name = tc.constraint_name AND
                        tc.constraint_type = 'CHECK' AND
                        tc.table_name = 'roadvisorapp_urgentcontact'
                ; args=['roadvisorapp_urgentcontact']; alias=default
(0.004) SHOW INDEX FROM `roadvisorapp_urgentcontact`; args=None; alias=default
ALTER TABLE `roadvisorapp_urgentcontact` DROP INDEX `email`; (params ())
(0.016) ALTER TABLE `roadvisorapp_urgentcontact` DROP INDEX `email`; args=(); alias=default
ALTER TABLE `roadvisorapp_urgentcontact` MODIFY `email` varchar(254) NOT NULL; (params [])
(0.072) ALTER TABLE `roadvisorapp_urgentcontact` MODIFY `email` varchar(254) NOT NULL; args=[]; alias=default
ALTER TABLE `roadvisorapp_urgentcontact` MODIFY `id` integer AUTO_INCREMENT NOT NULL; (params [])
(0.086) ALTER TABLE `roadvisorapp_urgentcontact` MODIFY `id` integer AUTO_INCREMENT NOT NULL; args=[]; alias=default
(0.002) SHOW FULL TABLES; args=None; alias=default
(0.007) INSERT INTO `django_migrations` (`app`, `name`, `applied`) VALUES ('roadvisorapp', '0003_alter_customuser_id_alter_customuser_token_and_more', '2023-05-02 06:07:13.115957'); args=['roadvisorapp', '0003_alter_customuser_id_alter_customuser_token_and_more', '2023-05-02 06:07:13.115957']; alias=default
CREATE TABLE `django_session` (`session_key` varchar(40) NOT NULL PRIMARY KEY, `session_data` longtext NOT NULL, `expire_date` datetime(6) NOT NULL); (params None)
(0.033) CREATE TABLE `django_session` (`session_key` varchar(40) NOT NULL PRIMARY KEY, `session_data` longtext NOT NULL, `expire_date` datetime(6) NOT NULL); args=None; alias=default
(0.002) 
            SELECT engine
            FROM information_schema.tables
            WHERE
                table_name = 'django_session' AND
                table_schema = DATABASE()
            ; args=['django_session']; alias=default
CREATE INDEX `django_session_expire_date_a5c62663` ON `django_session` (`expire_date`); (params ())
(0.030) CREATE INDEX `django_session_expire_date_a5c62663` ON `django_session` (`expire_date`); args=(); alias=default
(0.002) SHOW FULL TABLES; args=None; alias=default
(0.006) INSERT INTO `django_migrations` (`app`, `name`, `applied`) VALUES ('sessions', '0001_initial', '2023-05-02 06:07:13.193138'); args=['sessions', '0001_initial', '2023-05-02 06:07:13.193138']; alias=default
(0.002) SHOW FULL TABLES; args=None; alias=default
(0.001) SELECT `django_migrations`.`id`, `django_migrations`.`app`, `django_migrations`.`name`, `django_migrations`.`applied` FROM `django_migrations`; args=(); alias=default
(0.001) SELECT `django_content_type`.`id`, `django_content_type`.`app_label`, `django_content_type`.`model` FROM `django_content_type` WHERE `django_content_type`.`app_label` = 'admin'; args=('admin',); alias=default
(0.000) INSERT INTO `django_content_type` (`app_label`, `model`) VALUES ('admin', 'logentry'); args=('admin', 'logentry'); alias=default
(0.001) SELECT `django_content_type`.`id`, `django_content_type`.`app_label`, `django_content_type`.`model` FROM `django_content_type` WHERE (`django_content_type`.`app_label` = 'admin' AND `django_content_type`.`model` = 'logentry') LIMIT 21; args=('admin', 'logentry'); alias=default
(0.001) SELECT `auth_permission`.`content_type_id`, `auth_permission`.`codename` FROM `auth_permission` INNER JOIN `django_content_type` ON (`auth_permission`.`content_type_id` = `django_content_type`.`id`) WHERE `auth_permission`.`content_type_id` IN (1) ORDER BY `django_content_type`.`app_label` ASC, `django_content_type`.`model` ASC, `auth_permission`.`codename` ASC; args=(1,); alias=default
(0.001) INSERT INTO `auth_permission` (`name`, `content_type_id`, `codename`) VALUES ('Can add log entry', 1, 'add_logentry'), ('Can change log entry', 1, 'change_logentry'), ('Can delete log entry', 1, 'delete_logentry'), ('Can view log entry', 1, 'view_logentry'); args=('Can add log entry', 1, 'add_logentry', 'Can change log entry', 1, 'change_logentry', 'Can delete log entry', 1, 'delete_logentry', 'Can view log entry', 1, 'view_logentry'); alias=default
(0.000) SELECT `django_content_type`.`id`, `django_content_type`.`app_label`, `django_content_type`.`model` FROM `django_content_type` WHERE `django_content_type`.`app_label` = 'admin'; args=('admin',); alias=default
(0.000) SELECT `django_content_type`.`id`, `django_content_type`.`app_label`, `django_content_type`.`model` FROM `django_content_type` WHERE `django_content_type`.`app_label` = 'auth'; args=('auth',); alias=default
(0.001) INSERT INTO `django_content_type` (`app_label`, `model`) VALUES ('auth', 'permission'), ('auth', 'group'); args=('auth', 'permission', 'auth', 'group'); alias=default
(0.000) SELECT `django_content_type`.`id`, `django_content_type`.`app_label`, `django_content_type`.`model` FROM `django_content_type` WHERE (`django_content_type`.`app_label` = 'auth' AND `django_content_type`.`model` = 'permission') LIMIT 21; args=('auth', 'permission'); alias=default
(0.000) SELECT `django_content_type`.`id`, `django_content_type`.`app_label`, `django_content_type`.`model` FROM `django_content_type` WHERE (`django_content_type`.`app_label` = 'auth' AND `django_content_type`.`model` = 'group') LIMIT 21; args=('auth', 'group'); alias=default
(0.001) SELECT `auth_permission`.`content_type_id`, `auth_permission`.`codename` FROM `auth_permission` INNER JOIN `django_content_type` ON (`auth_permission`.`content_type_id` = `django_content_type`.`id`) WHERE `auth_permission`.`content_type_id` IN (2, 3) ORDER BY `django_content_type`.`app_label` ASC, `django_content_type`.`model` ASC, `auth_permission`.`codename` ASC; args=(2, 3); alias=default
(0.001) INSERT INTO `auth_permission` (`name`, `content_type_id`, `codename`) VALUES ('Can add permission', 2, 'add_permission'), ('Can change permission', 2, 'change_permission'), ('Can delete permission', 2, 'delete_permission'), ('Can view permission', 2, 'view_permission'), ('Can add group', 3, 'add_group'), ('Can change group', 3, 'change_group'), ('Can delete group', 3, 'delete_group'), ('Can view group', 3, 'view_group'); args=('Can add permission', 2, 'add_permission', 'Can change permission', 2, 'change_permission', 'Can delete permission', 2, 'delete_permission', 'Can view permission', 2, 'view_permission', 'Can add group', 3, 'add_group', 'Can change group', 3, 'change_group', 'Can delete group', 3, 'delete_group', 'Can view group', 3, 'view_group'); alias=default
(0.000) SELECT `django_content_type`.`id`, `django_content_type`.`app_label`, `django_content_type`.`model` FROM `django_content_type` WHERE `django_content_type`.`app_label` = 'auth'; args=('auth',); alias=default
(0.000) SELECT `django_content_type`.`id`, `django_content_type`.`app_label`, `django_content_type`.`model` FROM `django_content_type` WHERE `django_content_type`.`app_label` = 'contenttypes'; args=('contenttypes',); alias=default
(0.000) INSERT INTO `django_content_type` (`app_label`, `model`) VALUES ('contenttypes', 'contenttype'); args=('contenttypes', 'contenttype'); alias=default
(0.000) SELECT `django_content_type`.`id`, `django_content_type`.`app_label`, `django_content_type`.`model` FROM `django_content_type` WHERE (`django_content_type`.`app_label` = 'contenttypes' AND `django_content_type`.`model` = 'contenttype') LIMIT 21; args=('contenttypes', 'contenttype'); alias=default
(0.000) SELECT `auth_permission`.`content_type_id`, `auth_permission`.`codename` FROM `auth_permission` INNER JOIN `django_content_type` ON (`auth_permission`.`content_type_id` = `django_content_type`.`id`) WHERE `auth_permission`.`content_type_id` IN (4) ORDER BY `django_content_type`.`app_label` ASC, `django_content_type`.`model` ASC, `auth_permission`.`codename` ASC; args=(4,); alias=default
(0.000) INSERT INTO `auth_permission` (`name`, `content_type_id`, `codename`) VALUES ('Can add content type', 4, 'add_contenttype'), ('Can change content type', 4, 'change_contenttype'), ('Can delete content type', 4, 'delete_contenttype'), ('Can view content type', 4, 'view_contenttype'); args=('Can add content type', 4, 'add_contenttype', 'Can change content type', 4, 'change_contenttype', 'Can delete content type', 4, 'delete_contenttype', 'Can view content type', 4, 'view_contenttype'); alias=default
(0.000) SELECT `django_content_type`.`id`, `django_content_type`.`app_label`, `django_content_type`.`model` FROM `django_content_type` WHERE `django_content_type`.`app_label` = 'contenttypes'; args=('contenttypes',); alias=default
(0.000) SELECT `django_content_type`.`id`, `django_content_type`.`app_label`, `django_content_type`.`model` FROM `django_content_type` WHERE `django_content_type`.`app_label` = 'sessions'; args=('sessions',); alias=default
(0.000) INSERT INTO `django_content_type` (`app_label`, `model`) VALUES ('sessions', 'session'); args=('sessions', 'session'); alias=default
(0.000) SELECT `django_content_type`.`id`, `django_content_type`.`app_label`, `django_content_type`.`model` FROM `django_content_type` WHERE (`django_content_type`.`app_label` = 'sessions' AND `django_content_type`.`model` = 'session') LIMIT 21; args=('sessions', 'session'); alias=default
(0.001) SELECT `auth_permission`.`content_type_id`, `auth_permission`.`codename` FROM `auth_permission` INNER JOIN `django_content_type` ON (`auth_permission`.`content_type_id` = `django_content_type`.`id`) WHERE `auth_permission`.`content_type_id` IN (5) ORDER BY `django_content_type`.`app_label` ASC, `django_content_type`.`model` ASC, `auth_permission`.`codename` ASC; args=(5,); alias=default
(0.000) INSERT INTO `auth_permission` (`name`, `content_type_id`, `codename`) VALUES ('Can add session', 5, 'add_session'), ('Can change session', 5, 'change_session'), ('Can delete session', 5, 'delete_session'), ('Can view session', 5, 'view_session'); args=('Can add session', 5, 'add_session', 'Can change session', 5, 'change_session', 'Can delete session', 5, 'delete_session', 'Can view session', 5, 'view_session'); alias=default
(0.000) SELECT `django_content_type`.`id`, `django_content_type`.`app_label`, `django_content_type`.`model` FROM `django_content_type` WHERE `django_content_type`.`app_label` = 'sessions'; args=('sessions',); alias=default
(0.000) SELECT `django_content_type`.`id`, `django_content_type`.`app_label`, `django_content_type`.`model` FROM `django_content_type` WHERE `django_content_type`.`app_label` = 'roadvisorapp'; args=('roadvisorapp',); alias=default
(0.000) INSERT INTO `django_content_type` (`app_label`, `model`) VALUES ('roadvisorapp', 'customuser'), ('roadvisorapp', 'urgentcontact'); args=('roadvisorapp', 'customuser', 'roadvisorapp', 'urgentcontact'); alias=default
(0.001) SELECT `django_content_type`.`id`, `django_content_type`.`app_label`, `django_content_type`.`model` FROM `django_content_type` WHERE (`django_content_type`.`app_label` = 'roadvisorapp' AND `django_content_type`.`model` = 'customuser') LIMIT 21; args=('roadvisorapp', 'customuser'); alias=default
(0.000) SELECT `django_content_type`.`id`, `django_content_type`.`app_label`, `django_content_type`.`model` FROM `django_content_type` WHERE (`django_content_type`.`app_label` = 'roadvisorapp' AND `django_content_type`.`model` = 'urgentcontact') LIMIT 21; args=('roadvisorapp', 'urgentcontact'); alias=default
(0.001) SELECT `auth_permission`.`content_type_id`, `auth_permission`.`codename` FROM `auth_permission` INNER JOIN `django_content_type` ON (`auth_permission`.`content_type_id` = `django_content_type`.`id`) WHERE `auth_permission`.`content_type_id` IN (6, 7) ORDER BY `django_content_type`.`app_label` ASC, `django_content_type`.`model` ASC, `auth_permission`.`codename` ASC; args=(6, 7); alias=default
(0.001) INSERT INTO `auth_permission` (`name`, `content_type_id`, `codename`) VALUES ('Can add custom user', 6, 'add_customuser'), ('Can change custom user', 6, 'change_customuser'), ('Can delete custom user', 6, 'delete_customuser'), ('Can view custom user', 6, 'view_customuser'), ('Can add urgent contact', 7, 'add_urgentcontact'), ('Can change urgent contact', 7, 'change_urgentcontact'), ('Can delete urgent contact', 7, 'delete_urgentcontact'), ('Can view urgent contact', 7, 'view_urgentcontact'); args=('Can add custom user', 6, 'add_customuser', 'Can change custom user', 6, 'change_customuser', 'Can delete custom user', 6, 'delete_customuser', 'Can view custom user', 6, 'view_customuser', 'Can add urgent contact', 7, 'add_urgentcontact', 'Can change urgent contact', 7, 'change_urgentcontact', 'Can delete urgent contact', 7, 'delete_urgentcontact', 'Can view urgent contact', 7, 'view_urgentcontact'); alias=default
(0.000) SELECT `django_content_type`.`id`, `django_content_type`.`app_label`, `django_content_type`.`model` FROM `django_content_type` WHERE `django_content_type`.`app_label` = 'roadvisorapp'; args=('roadvisorapp',); alias=default
